0 info it worked if it ends with ok
1 verbose cli [ '/usr/bin/node', '/usr/bin/npm', 'start' ]
2 info using npm@1.4.21
3 info using node@v8.9.3
4 verbose run-script [ 'prestart', 'start', 'poststart' ]
5 info prestart cell@0.0.1
6 info start cell@0.0.1
7 verbose unsafe-perm in lifecycle true
8 info cell@0.0.1 Failed to exec start script
9 error cell@0.0.1 start: `node /index.js`
9 error Exit status 1
10 error Failed at the cell@0.0.1 start script.
10 error This is most likely a problem with the cell package,
10 error not with npm itself.
10 error Tell the author that this fails on your system:
10 error     node /index.js
10 error You can get their info via:
10 error     npm owner ls cell
10 error There is likely additional logging output above.
11 error System Linux 4.14.0-3-amd64
12 error command "/usr/bin/node" "/usr/bin/npm" "start"
13 error cwd /home/speedlight/Documentos/share/Dev/hapi/chiefIT
14 error node -v v8.9.3
15 error npm -v 1.4.21
16 error code ELIFECYCLE
17 verbose exit [ 1, true ]
